Removed Pin From Net: NetName=ETH_RXD0 Pin=C35-2
Removed Pin From Net: NetName=ETH_RXD0 Pin=C36-1
Removed Pin From Net: NetName=ETH_RXD0 Pin=C37-2
Removed Pin From Net: NetName=ETH_RXD0 Pin=C38-2
Removed Pin From Net: NetName=ETH_RXD0 Pin=C39-1
Removed Pin From Net: NetName=+3.3V Pin=C39-2
Removed Pin From Net: NetName=ETH_RXD0 Pin=C40-1
Removed Pin From Net: NetName=+3.3V Pin=C40-2
Removed Pin From Net: NetName=ETH_RXD0 Pin=C41-1
Removed Pin From Net: NetName=+3.3V Pin=C41-2
Removed Pin From Net: NetName=ETH_RXD0 Pin=C42-1
Removed Pin From Net: NetName=+3.3V Pin=C42-2
Removed Pin From Net: NetName=ETH_RXD0 Pin=C43-1
Removed Pin From Net: NetName=+3.3V Pin=C43-2
Removed Pin From Net: NetName=ETH_RXD0 Pin=C44-1
Removed Pin From Net: NetName=+3.3V Pin=C44-2
Removed Pin From Net: NetName=ETH_RXD0 Pin=C45-1
Removed Pin From Net: NetName=+3.3V Pin=C45-2
Removed Pin From Net: NetName=ETH_RXD0 Pin=C46-1
Removed Pin From Net: NetName=+3.3V Pin=C46-2
Removed Pin From Net: NetName=ETH_RXD0 Pin=C47-1
Removed Pin From Net: NetName=+3.3V Pin=C47-2
Removed Pin From Net: NetName=ETH_RXD0 Pin=C48-2
Removed Pin From Net: NetName=ETH_RXD0 Pin=C49-2
Removed Pin From Net: NetName=ETH_RXD0 Pin=J3-2
Removed Pin From Net: NetName=ETH_RXD0 Pin=J3-3
Removed Pin From Net: NetName=ETH_RXD0 Pin=J3-4
Removed Pin From Net: NetName=ETH_RXD0 Pin=J3-5
Removed Pin From Net: NetName=ETH_RXD0 Pin=R25-2
Removed Pin From Net: NetName=ETH_RXD0 Pin=U11-A1
Removed Pin From Net: NetName=+3.3V Pin=U11-A2
Removed Pin From Net: NetName=SWCLK_3 Pin=U11-A4
Removed Pin From Net: NetName=+3.3V Pin=U11-A5
Removed Pin From Net: NetName=+3.3V Pin=U11-A7
Removed Pin From Net: NetName=+3.3V Pin=U11-A8
Removed Pin From Net: NetName=+3.3V Pin=U11-B5
Removed Pin From Net: NetName=ETH_RXD0 Pin=U11-B7
Removed Pin From Net: NetName=SWDIO_3 Pin=U11-B8
Removed Pin From Net: NetName=WIFI_TX_1 Pin=U11-C8
Removed Pin From Net: NetName=ETH_RXD0 Pin=U11-D9
Removed Pin From Net: NetName=+3.3V Pin=U11-E2
Removed Pin From Net: NetName=ETH_RXD0 Pin=U11-E3
Removed Pin From Net: NetName=WIFI_RX_1 Pin=U11-E5
Removed Pin From Net: NetName=+3.3V Pin=U11-E8
Removed Pin From Net: NetName=+3.3V Pin=U11-E9
Removed Pin From Net: NetName=NRST_3 Pin=U11-F5
Removed Pin From Net: NetName=+3.3V Pin=U11-F6
Removed Pin From Net: NetName=+3.3V Pin=U11-F7
Removed Pin From Net: NetName=ETH_RXD0 Pin=U11-G5
Removed Pin From Net: NetName=ETH_RXD0 Pin=U11-G6
Removed Pin From Net: NetName=ETH_RXD0 Pin=U11-G7
Removed Pin From Net: NetName=ETH_RXD0 Pin=U11-G8
Removed Pin From Net: NetName=+3.3V Pin=U11-H5
Removed Pin From Net: NetName=ETH_RXD0 Pin=U11-H6
Removed Pin From Net: NetName=ETH_RXD0 Pin=U11-H7
Removed Pin From Net: NetName=+3.3V Pin=U11-H8
Removed Pin From Net: NetName=+3.3V Pin=U11-H9
Removed Pin From Net: NetName=ETH_RXD0 Pin=U11-J6
Removed Pin From Net: NetName=ETH_RXD0 Pin=U11-J8
Removed Pin From Net: NetName=+3.3V Pin=Y8-1
Removed Pin From Net: NetName=ETH_RXD0 Pin=Y8-2
Removed Pin From Net: NetName=+3.3V Pin=Y8-4
